0 info it worked if it ends with ok
1 verbose cli [ '/usr/local/bin/node', '/usr/local/bin/npm', 'run', 'dev' ]
2 info using npm@2.14.9
3 info using node@v0.12.8
4 verbose run-script [ 'predev', 'dev', 'postdev' ]
5 info predev aura@1.0.0
6 info dev aura@1.0.0
7 verbose unsafe-perm in lifecycle true
8 info aura@1.0.0 Failed to exec dev script
9 verbose stack Error: aura@1.0.0 dev: `webpack -d --watch`
9 verbose stack Exit status 1
9 verbose stack     at EventEmitter.<anonymous> (/usr/local/lib/node_modules/npm/lib/utils/lifecycle.js:214:16)
9 verbose stack     at EventEmitter.emit (events.js:110:17)
9 verbose stack     at ChildProcess.<anonymous> (/usr/local/lib/node_modules/npm/lib/utils/spawn.js:24:14)
9 verbose stack     at ChildProcess.emit (events.js:110:17)
9 verbose stack     at maybeClose (child_process.js:1016:16)
9 verbose stack     at Process.ChildProcess._handle.onexit (child_process.js:1088:5)
10 verbose pkgid aura@1.0.0
11 verbose cwd /Users/cory.dickson/GitHub/Aura-cd
12 error Darwin 16.3.0
13 error argv "/usr/local/bin/node" "/usr/local/bin/npm" "run" "dev"
14 error node v0.12.8
15 error npm  v2.14.9
16 error code ELIFECYCLE
17 error aura@1.0.0 dev: `webpack -d --watch`
17 error Exit status 1
18 error Failed at the aura@1.0.0 dev script 'webpack -d --watch'.
18 error This is most likely a problem with the aura package,
18 error not with npm itself.
18 error Tell the author that this fails on your system:
18 error     webpack -d --watch
18 error You can get their info via:
18 error     npm owner ls aura
18 error There is likely additional logging output above.
19 verbose exit [ 1, true ]
